2020-09-28 09:03:08 Error: [PDOException] SQLSTATE[42S22]: Column not found: 1054 Unknown column 'Content.titlea' in 'field list'
Request URL: /saraswatipublicschools/contents/details/28/test1
Stack Trace:
#0 E:\xamp\htdocs\saraswatipublicschools\lib\Cake\Model\Datasource\DboSource.php(459): PDOStatement->execute(Array)
#1 E:\xamp\htdocs\saraswatipublicschools\lib\Cake\Model\Datasource\DboSource.php(425): DboSource->_execute('SELECT `Content...', Array)
#2 E:\xamp\htdocs\saraswatipublicschools\lib\Cake\Model\Datasource\DboSource.php(669): DboSource->execute('SELECT `Content...', Array, Array)
#3 E:\xamp\htdocs\saraswatipublicschools\lib\Cake\Model\Datasource\DboSource.php(1080): DboSource->fetchAll('SELECT `Content...', false)
#4 E:\xamp\htdocs\saraswatipublicschools\lib\Cake\Model\Model.php(2674): DboSource->read(Object(Content), Array)
#5 E:\xamp\htdocs\saraswatipublicschools\app\Model\Content.php(13): Model->find('all', Array)
#6 E:\xamp\htdocs\saraswatipublicschools\app\View\Elements\menu.ctp(33): Content->syllabus_link('C')
#7 E:\xamp\htdocs\saraswatipublicschools\lib\Cake\View\View.php(947): include('E:\\xamp\\htdocs\\...')
#8 E:\xamp\htdocs\saraswatipublicschools\lib\Cake\View\View.php(909): View->_evaluate('E:\\xamp\\htdocs\\...', Array)
#9 E:\xamp\htdocs\saraswatipublicschools\lib\Cake\View\View.php(1210): View->_render('E:\\xamp\\htdocs\\...', Array)
#10 E:\xamp\htdocs\saraswatipublicschools\lib\Cake\View\View.php(413): View->_renderElement('E:\\xamp\\htdocs\\...', Array, Array)
#11 E:\xamp\htdocs\saraswatipublicschools\app\View\Layouts\default.ctp(170): View->element('menu')
#12 E:\xamp\htdocs\saraswatipublicschools\lib\Cake\View\View.php(947): include('E:\\xamp\\htdocs\\...')
#13 E:\xamp\htdocs\saraswatipublicschools\lib\Cake\View\View.php(909): View->_evaluate('E:\\xamp\\htdocs\\...', Array)
#14 E:\xamp\htdocs\saraswatipublicschools\lib\Cake\View\View.php(534): View->_render('E:\\xamp\\htdocs\\...')
#15 E:\xamp\htdocs\saraswatipublicschools\lib\Cake\View\View.php(478): View->renderLayout('', 'default')
#16 E:\xamp\htdocs\saraswatipublicschools\lib\Cake\Controller\Controller.php(947): View->render(NULL, NULL)
#17 E:\xamp\htdocs\saraswatipublicschools\lib\Cake\Routing\Dispatcher.php(193): Controller->render()
#18 E:\xamp\htdocs\saraswatipublicschools\lib\Cake\Routing\Dispatcher.php(161): Dispatcher->_invoke(Object(ContentsController), Object(CakeRequest), Object(CakeResponse))
#19 E:\xamp\htdocs\saraswatipublicschools\app\webroot\index.php(97): Dispatcher->dispatch(Object(CakeRequest), Object(CakeResponse))
#20 {main}
2020-09-28 09:03:08 Error: [PDOException] SQLSTATE[42S22]: Column not found: 1054 Unknown column 'Content.titlea' in 'field list'
Request URL: /saraswatipublicschools/contents/details/28/plugins/LayerSlider/static/css/layerslider.css
Stack Trace:
#0 E:\xamp\htdocs\saraswatipublicschools\lib\Cake\Model\Datasource\DboSource.php(459): PDOStatement->execute(Array)
#1 E:\xamp\htdocs\saraswatipublicschools\lib\Cake\Model\Datasource\DboSource.php(425): DboSource->_execute('SELECT `Content...', Array)
#2 E:\xamp\htdocs\saraswatipublicschools\lib\Cake\Model\Datasource\DboSource.php(669): DboSource->execute('SELECT `Content...', Array, Array)
#3 E:\xamp\htdocs\saraswatipublicschools\lib\Cake\Model\Datasource\DboSource.php(1080): DboSource->fetchAll('SELECT `Content...', false)
#4 E:\xamp\htdocs\saraswatipublicschools\lib\Cake\Model\Model.php(2674): DboSource->read(Object(Content), Array)
#5 E:\xamp\htdocs\saraswatipublicschools\app\Model\Content.php(13): Model->find('all', Array)
#6 E:\xamp\htdocs\saraswatipublicschools\app\View\Elements\menu.ctp(33): Content->syllabus_link('C')
#7 E:\xamp\htdocs\saraswatipublicschools\lib\Cake\View\View.php(947): include('E:\\xamp\\htdocs\\...')
#8 E:\xamp\htdocs\saraswatipublicschools\lib\Cake\View\View.php(909): View->_evaluate('E:\\xamp\\htdocs\\...', Array)
#9 E:\xamp\htdocs\saraswatipublicschools\lib\Cake\View\View.php(1210): View->_render('E:\\xamp\\htdocs\\...', Array)
#10 E:\xamp\htdocs\saraswatipublicschools\lib\Cake\View\View.php(413): View->_renderElement('E:\\xamp\\htdocs\\...', Array, Array)
#11 E:\xamp\htdocs\saraswatipublicschools\app\View\Layouts\default.ctp(170): View->element('menu')
#12 E:\xamp\htdocs\saraswatipublicschools\lib\Cake\View\View.php(947): include('E:\\xamp\\htdocs\\...')
#13 E:\xamp\htdocs\saraswatipublicschools\lib\Cake\View\View.php(909): View->_evaluate('E:\\xamp\\htdocs\\...', Array)
#14 E:\xamp\htdocs\saraswatipublicschools\lib\Cake\View\View.php(534): View->_render('E:\\xamp\\htdocs\\...')
#15 E:\xamp\htdocs\saraswatipublicschools\lib\Cake\View\View.php(478): View->renderLayout('', 'default')
#16 E:\xamp\htdocs\saraswatipublicschools\lib\Cake\Controller\Controller.php(947): View->render(NULL, NULL)
#17 E:\xamp\htdocs\saraswatipublicschools\lib\Cake\Routing\Dispatcher.php(193): Controller->render()
#18 E:\xamp\htdocs\saraswatipublicschools\lib\Cake\Routing\Dispatcher.php(161): Dispatcher->_invoke(Object(ContentsController), Object(CakeRequest), Object(CakeResponse))
#19 E:\xamp\htdocs\saraswatipublicschools\app\webroot\index.php(97): Dispatcher->dispatch(Object(CakeRequest), Object(CakeResponse))
#20 {main}
2020-09-28 09:04:21 Error: [MissingControllerException] Controller class PluginsController could not be found.
Exception Attributes: array (
  'class' => 'PluginsController',
  'plugin' => NULL,
)
Request URL: /saraswatipublicschools/plugins/LayerSlider/static/skins/v5/skin.png
Stack Trace:
#0 E:\xamp\htdocs\saraswatipublicschools\app\webroot\index.php(97): Dispatcher->dispatch(Object(CakeRequest), Object(CakeResponse))
#1 {main}
2020-09-28 17:04:50 Error: [MissingControllerException] Controller class JsController could not be found.
Exception Attributes: array (
  'class' => 'JsController',
  'plugin' => NULL,
)
Request URL: /saraswatipublicschools/js/curvycorners.src.js
Stack Trace:
#0 E:\xamp\htdocs\saraswatipublicschools\app\webroot\index.php(97): Dispatcher->dispatch(Object(CakeRequest), Object(CakeResponse))
#1 {main}
2020-09-28 17:04:51 Error: [MissingControllerException] Controller class ImgController could not be found.
Exception Attributes: array (
  'class' => 'ImgController',
  'plugin' => NULL,
)
Request URL: /saraswatipublicschools/img/admin/footer_bg1.png
Stack Trace:
#0 E:\xamp\htdocs\saraswatipublicschools\app\webroot\index.php(97): Dispatcher->dispatch(Object(CakeRequest), Object(CakeResponse))
#1 {main}
2020-09-28 17:05:09 Error: [MissingControllerException] Controller class JsController could not be found.
Exception Attributes: array (
  'class' => 'JsController',
  'plugin' => NULL,
)
Request URL: /saraswatipublicschools/js/ddaccordion.js
Stack Trace:
#0 E:\xamp\htdocs\saraswatipublicschools\app\webroot\index.php(97): Dispatcher->dispatch(Object(CakeRequest), Object(CakeResponse))
#1 {main}
2020-09-28 17:05:09 Error: [MissingControllerException] Controller class ImgController could not be found.
Exception Attributes: array (
  'class' => 'ImgController',
  'plugin' => NULL,
)
Request URL: /saraswatipublicschools/img/admin/footer_bg1.png
Stack Trace:
#0 E:\xamp\htdocs\saraswatipublicschools\app\webroot\index.php(97): Dispatcher->dispatch(Object(CakeRequest), Object(CakeResponse))
#1 {main}
2020-09-28 17:05:12 Error: [MissingControllerException] Controller class JsController could not be found.
Exception Attributes: array (
  'class' => 'JsController',
  'plugin' => NULL,
)
Request URL: /saraswatipublicschools/js/ddaccordion.js
Stack Trace:
#0 E:\xamp\htdocs\saraswatipublicschools\app\webroot\index.php(97): Dispatcher->dispatch(Object(CakeRequest), Object(CakeResponse))
#1 {main}
2020-09-28 17:05:50 Error: [MissingControllerException] Controller class JsController could not be found.
Exception Attributes: array (
  'class' => 'JsController',
  'plugin' => NULL,
)
Request URL: /saraswatipublicschools/js/ddaccordion.js
Stack Trace:
#0 E:\xamp\htdocs\saraswatipublicschools\app\webroot\index.php(97): Dispatcher->dispatch(Object(CakeRequest), Object(CakeResponse))
#1 {main}
2020-09-28 17:08:16 Error: [MissingControllerException] Controller class JsController could not be found.
Exception Attributes: array (
  'class' => 'JsController',
  'plugin' => NULL,
)
Request URL: /saraswatipublicschools/js/ddaccordion.js
Stack Trace:
#0 E:\xamp\htdocs\saraswatipublicschools\app\webroot\index.php(97): Dispatcher->dispatch(Object(CakeRequest), Object(CakeResponse))
#1 {main}
2020-09-28 17:08:19 Error: [MissingControllerException] Controller class JsController could not be found.
Exception Attributes: array (
  'class' => 'JsController',
  'plugin' => NULL,
)
Request URL: /saraswatipublicschools/js/ddaccordion.js
Stack Trace:
#0 E:\xamp\htdocs\saraswatipublicschools\app\webroot\index.php(97): Dispatcher->dispatch(Object(CakeRequest), Object(CakeResponse))
#1 {main}
2020-09-28 17:08:50 Error: [MissingControllerException] Controller class JsController could not be found.
Exception Attributes: array (
  'class' => 'JsController',
  'plugin' => NULL,
)
Request URL: /saraswatipublicschools/js/ddaccordion.js
Stack Trace:
#0 E:\xamp\htdocs\saraswatipublicschools\app\webroot\index.php(97): Dispatcher->dispatch(Object(CakeRequest), Object(CakeResponse))
#1 {main}
2020-09-28 17:08:54 Error: [MissingControllerException] Controller class JsController could not be found.
Exception Attributes: array (
  'class' => 'JsController',
  'plugin' => NULL,
)
Request URL: /saraswatipublicschools/js/ddaccordion.js
Stack Trace:
#0 E:\xamp\htdocs\saraswatipublicschools\app\webroot\index.php(97): Dispatcher->dispatch(Object(CakeRequest), Object(CakeResponse))
#1 {main}
2020-09-28 17:10:38 Error: [MissingControllerException] Controller class BookletController could not be found.
Exception Attributes: array (
  'class' => 'BookletController',
  'plugin' => NULL,
)
Request URL: /saraswatipublicschools/booklet
Stack Trace:
#0 E:\xamp\htdocs\saraswatipublicschools\app\webroot\index.php(97): Dispatcher->dispatch(Object(CakeRequest), Object(CakeResponse))
#1 {main}
2020-09-28 17:10:51 Error: [MissingControllerException] Controller class BookletController could not be found.
Exception Attributes: array (
  'class' => 'BookletController',
  'plugin' => NULL,
)
Request URL: /saraswatipublicschools/booklet
Stack Trace:
#0 E:\xamp\htdocs\saraswatipublicschools\app\webroot\index.php(97): Dispatcher->dispatch(Object(CakeRequest), Object(CakeResponse))
#1 {main}
2020-09-28 17:10:54 Error: [MissingControllerException] Controller class BookletController could not be found.
Exception Attributes: array (
  'class' => 'BookletController',
  'plugin' => NULL,
)
Request URL: /saraswatipublicschools/booklet
Stack Trace:
#0 E:\xamp\htdocs\saraswatipublicschools\app\webroot\index.php(97): Dispatcher->dispatch(Object(CakeRequest), Object(CakeResponse))
#1 {main}
2020-09-28 17:11:43 Error: [MissingControllerException] Controller class BookletController could not be found.
Exception Attributes: array (
  'class' => 'BookletController',
  'plugin' => NULL,
)
Request URL: /saraswatipublicschools/booklet
Stack Trace:
#0 E:\xamp\htdocs\saraswatipublicschools\app\webroot\index.php(97): Dispatcher->dispatch(Object(CakeRequest), Object(CakeResponse))
#1 {main}
2020-09-28 17:11:50 Error: [MissingControllerException] Controller class PluginsController could not be found.
Exception Attributes: array (
  'class' => 'PluginsController',
  'plugin' => NULL,
)
Request URL: /saraswatipublicschools/plugins/LayerSlider/static/skins/v5/skin.png
Stack Trace:
#0 E:\xamp\htdocs\saraswatipublicschools\app\webroot\index.php(97): Dispatcher->dispatch(Object(CakeRequest), Object(CakeResponse))
#1 {main}
2020-09-28 17:12:00 Error: [MissingControllerException] Controller class JsController could not be found.
Exception Attributes: array (
  'class' => 'JsController',
  'plugin' => NULL,
)
Request URL: /saraswatipublicschools/js/ddaccordion.js
Stack Trace:
#0 E:\xamp\htdocs\saraswatipublicschools\app\webroot\index.php(97): Dispatcher->dispatch(Object(CakeRequest), Object(CakeResponse))
#1 {main}
2020-09-28 17:12:00 Error: [MissingControllerException] Controller class ImgController could not be found.
Exception Attributes: array (
  'class' => 'ImgController',
  'plugin' => NULL,
)
Request URL: /saraswatipublicschools/img/admin/footer_bg1.png
Stack Trace:
#0 E:\xamp\htdocs\saraswatipublicschools\app\webroot\index.php(97): Dispatcher->dispatch(Object(CakeRequest), Object(CakeResponse))
#1 {main}
2020-09-28 17:12:02 Error: [MissingControllerException] Controller class JsController could not be found.
Exception Attributes: array (
  'class' => 'JsController',
  'plugin' => NULL,
)
Request URL: /saraswatipublicschools/js/ddaccordion.js
Stack Trace:
#0 E:\xamp\htdocs\saraswatipublicschools\app\webroot\index.php(97): Dispatcher->dispatch(Object(CakeRequest), Object(CakeResponse))
#1 {main}
2020-09-28 17:13:52 Error: [MissingControllerException] Controller class PluginsController could not be found.
Exception Attributes: array (
  'class' => 'PluginsController',
  'plugin' => NULL,
)
Request URL: /saraswatipublicschools/plugins/LayerSlider/static/skins/v5/skin.png
Stack Trace:
#0 E:\xamp\htdocs\saraswatipublicschools\app\webroot\index.php(97): Dispatcher->dispatch(Object(CakeRequest), Object(CakeResponse))
#1 {main}
2020-09-28 17:14:06 Error: [MissingControllerException] Controller class PluginsController could not be found.
Exception Attributes: array (
  'class' => 'PluginsController',
  'plugin' => NULL,
)
Request URL: /saraswatipublicschools/plugins/LayerSlider/static/skins/v5/skin.png
Stack Trace:
#0 E:\xamp\htdocs\saraswatipublicschools\app\webroot\index.php(97): Dispatcher->dispatch(Object(CakeRequest), Object(CakeResponse))
#1 {main}
2020-09-28 17:14:13 Error: [MissingControllerException] Controller class PluginsController could not be found.
Exception Attributes: array (
  'class' => 'PluginsController',
  'plugin' => NULL,
)
Request URL: /saraswatipublicschools/plugins/LayerSlider/static/skins/v5/skin.png
Stack Trace:
#0 E:\xamp\htdocs\saraswatipublicschools\app\webroot\index.php(97): Dispatcher->dispatch(Object(CakeRequest), Object(CakeResponse))
#1 {main}
2020-09-28 17:23:03 Error: [MissingControllerException] Controller class JsController could not be found.
Exception Attributes: array (
  'class' => 'JsController',
  'plugin' => NULL,
)
Request URL: /saraswatipublicschools/js/ddaccordion.js
Stack Trace:
#0 E:\xamp\htdocs\saraswatipublicschools\app\webroot\index.php(97): Dispatcher->dispatch(Object(CakeRequest), Object(CakeResponse))
#1 {main}
2020-09-28 17:23:04 Error: [MissingControllerException] Controller class ImgController could not be found.
Exception Attributes: array (
  'class' => 'ImgController',
  'plugin' => NULL,
)
Request URL: /saraswatipublicschools/img/admin/footer_bg1.png
Stack Trace:
#0 E:\xamp\htdocs\saraswatipublicschools\app\webroot\index.php(97): Dispatcher->dispatch(Object(CakeRequest), Object(CakeResponse))
#1 {main}
2020-09-28 17:23:11 Error: [MissingControllerException] Controller class JsController could not be found.
Exception Attributes: array (
  'class' => 'JsController',
  'plugin' => NULL,
)
Request URL: /saraswatipublicschools/js/ddaccordion.js
Stack Trace:
#0 E:\xamp\htdocs\saraswatipublicschools\app\webroot\index.php(97): Dispatcher->dispatch(Object(CakeRequest), Object(CakeResponse))
#1 {main}
2020-09-28 17:23:27 Error: [MissingControllerException] Controller class JsController could not be found.
Exception Attributes: array (
  'class' => 'JsController',
  'plugin' => NULL,
)
Request URL: /saraswatipublicschools/js/ddaccordion.js
Stack Trace:
#0 E:\xamp\htdocs\saraswatipublicschools\app\webroot\index.php(97): Dispatcher->dispatch(Object(CakeRequest), Object(CakeResponse))
#1 {main}
2020-09-28 17:23:31 Error: [MissingControllerException] Controller class JsController could not be found.
Exception Attributes: array (
  'class' => 'JsController',
  'plugin' => NULL,
)
Request URL: /saraswatipublicschools/js/ddaccordion.js
Stack Trace:
#0 E:\xamp\htdocs\saraswatipublicschools\app\webroot\index.php(97): Dispatcher->dispatch(Object(CakeRequest), Object(CakeResponse))
#1 {main}
2020-09-28 17:23:35 Error: [MissingControllerException] Controller class JsController could not be found.
Exception Attributes: array (
  'class' => 'JsController',
  'plugin' => NULL,
)
Request URL: /saraswatipublicschools/js/ddaccordion.js
Stack Trace:
#0 E:\xamp\htdocs\saraswatipublicschools\app\webroot\index.php(97): Dispatcher->dispatch(Object(CakeRequest), Object(CakeResponse))
#1 {main}
2020-09-28 17:23:53 Error: [MissingControllerException] Controller class PluginsController could not be found.
Exception Attributes: array (
  'class' => 'PluginsController',
  'plugin' => NULL,
)
Request URL: /saraswatipublicschools/plugins/LayerSlider/static/skins/v5/skin.png
Stack Trace:
#0 E:\xamp\htdocs\saraswatipublicschools\app\webroot\index.php(97): Dispatcher->dispatch(Object(CakeRequest), Object(CakeResponse))
#1 {main}
2020-09-28 17:32:58 Error: [MissingControllerException] Controller class JsController could not be found.
Exception Attributes: array (
  'class' => 'JsController',
  'plugin' => NULL,
)
Request URL: /saraswatipublicschools/js/ddaccordion.js
Stack Trace:
#0 E:\xamp\htdocs\saraswatipublicschools\app\webroot\index.php(97): Dispatcher->dispatch(Object(CakeRequest), Object(CakeResponse))
#1 {main}
2020-09-28 17:32:58 Error: [MissingControllerException] Controller class ImgController could not be found.
Exception Attributes: array (
  'class' => 'ImgController',
  'plugin' => NULL,
)
Request URL: /saraswatipublicschools/img/admin/footer_bg1.png
Stack Trace:
#0 E:\xamp\htdocs\saraswatipublicschools\app\webroot\index.php(97): Dispatcher->dispatch(Object(CakeRequest), Object(CakeResponse))
#1 {main}
2020-09-28 17:35:35 Error: [MissingControllerException] Controller class JsController could not be found.
Exception Attributes: array (
  'class' => 'JsController',
  'plugin' => NULL,
)
Request URL: /saraswatipublicschools/js/ddaccordion.js
Stack Trace:
#0 E:\xamp\htdocs\saraswatipublicschools\app\webroot\index.php(97): Dispatcher->dispatch(Object(CakeRequest), Object(CakeResponse))
#1 {main}
2020-09-28 17:35:35 Error: [MissingControllerException] Controller class ImgController could not be found.
Exception Attributes: array (
  'class' => 'ImgController',
  'plugin' => NULL,
)
Request URL: /saraswatipublicschools/img/admin/footer_bg1.png
Stack Trace:
#0 E:\xamp\htdocs\saraswatipublicschools\app\webroot\index.php(97): Dispatcher->dispatch(Object(CakeRequest), Object(CakeResponse))
#1 {main}
2020-09-28 17:36:17 Error: [MissingControllerException] Controller class JsController could not be found.
Exception Attributes: array (
  'class' => 'JsController',
  'plugin' => NULL,
)
Request URL: /saraswatipublicschools/js/ddaccordion.js
Stack Trace:
#0 E:\xamp\htdocs\saraswatipublicschools\app\webroot\index.php(97): Dispatcher->dispatch(Object(CakeRequest), Object(CakeResponse))
#1 {main}
2020-09-28 17:36:18 Error: [MissingControllerException] Controller class ImgController could not be found.
Exception Attributes: array (
  'class' => 'ImgController',
  'plugin' => NULL,
)
Request URL: /saraswatipublicschools/img/admin/footer_bg1.png
Stack Trace:
#0 E:\xamp\htdocs\saraswatipublicschools\app\webroot\index.php(97): Dispatcher->dispatch(Object(CakeRequest), Object(CakeResponse))
#1 {main}
2020-09-28 17:36:38 Error: [MissingControllerException] Controller class JsController could not be found.
Exception Attributes: array (
  'class' => 'JsController',
  'plugin' => NULL,
)
Request URL: /saraswatipublicschools/js/ddaccordion.js
Stack Trace:
#0 E:\xamp\htdocs\saraswatipublicschools\app\webroot\index.php(97): Dispatcher->dispatch(Object(CakeRequest), Object(CakeResponse))
#1 {main}
2020-09-28 17:36:38 Error: [MissingControllerException] Controller class ImgController could not be found.
Exception Attributes: array (
  'class' => 'ImgController',
  'plugin' => NULL,
)
Request URL: /saraswatipublicschools/img/admin/footer_bg1.png
Stack Trace:
#0 E:\xamp\htdocs\saraswatipublicschools\app\webroot\index.php(97): Dispatcher->dispatch(Object(CakeRequest), Object(CakeResponse))
#1 {main}
2020-09-28 19:06:55 Error: [MissingControllerException] Controller class JsController could not be found.
Exception Attributes: array (
  'class' => 'JsController',
  'plugin' => NULL,
)
Request URL: /saraswatipublicschools/js/ddaccordion.js
Stack Trace:
#0 E:\xamp\htdocs\saraswatipublicschools\app\webroot\index.php(97): Dispatcher->dispatch(Object(CakeRequest), Object(CakeResponse))
#1 {main}
2020-09-28 19:06:56 Error: [MissingControllerException] Controller class ImgController could not be found.
Exception Attributes: array (
  'class' => 'ImgController',
  'plugin' => NULL,
)
Request URL: /saraswatipublicschools/img/admin/footer_bg1.png
Stack Trace:
#0 E:\xamp\htdocs\saraswatipublicschools\app\webroot\index.php(97): Dispatcher->dispatch(Object(CakeRequest), Object(CakeResponse))
#1 {main}
2020-09-28 19:24:51 Error: [MissingControllerException] Controller class JsController could not be found.
Exception Attributes: array (
  'class' => 'JsController',
  'plugin' => NULL,
)
Request URL: /saraswatipublicschools/js/ddaccordion.js
Stack Trace:
#0 E:\xamp\htdocs\saraswatipublicschools\app\webroot\index.php(97): Dispatcher->dispatch(Object(CakeRequest), Object(CakeResponse))
#1 {main}
2020-09-28 19:24:52 Error: [MissingControllerException] Controller class ImgController could not be found.
Exception Attributes: array (
  'class' => 'ImgController',
  'plugin' => NULL,
)
Request URL: /saraswatipublicschools/img/admin/footer_bg1.png
Stack Trace:
#0 E:\xamp\htdocs\saraswatipublicschools\app\webroot\index.php(97): Dispatcher->dispatch(Object(CakeRequest), Object(CakeResponse))
#1 {main}
2020-09-28 19:28:22 Error: [MissingControllerException] Controller class JsController could not be found.
Exception Attributes: array (
  'class' => 'JsController',
  'plugin' => NULL,
)
Request URL: /saraswatipublicschools/js/ddaccordion.js
Stack Trace:
#0 E:\xamp\htdocs\saraswatipublicschools\app\webroot\index.php(97): Dispatcher->dispatch(Object(CakeRequest), Object(CakeResponse))
#1 {main}
2020-09-28 19:28:22 Error: [MissingControllerException] Controller class ImgController could not be found.
Exception Attributes: array (
  'class' => 'ImgController',
  'plugin' => NULL,
)
Request URL: /saraswatipublicschools/img/admin/footer_bg1.png
Stack Trace:
#0 E:\xamp\htdocs\saraswatipublicschools\app\webroot\index.php(97): Dispatcher->dispatch(Object(CakeRequest), Object(CakeResponse))
#1 {main}
2020-09-28 19:28:25 Error: [MissingControllerException] Controller class JsController could not be found.
Exception Attributes: array (
  'class' => 'JsController',
  'plugin' => NULL,
)
Request URL: /saraswatipublicschools/js/ddaccordion.js
Stack Trace:
#0 E:\xamp\htdocs\saraswatipublicschools\app\webroot\index.php(97): Dispatcher->dispatch(Object(CakeRequest), Object(CakeResponse))
#1 {main}
2020-09-28 19:28:59 Error: [MissingControllerException] Controller class JsController could not be found.
Exception Attributes: array (
  'class' => 'JsController',
  'plugin' => NULL,
)
Request URL: /saraswatipublicschools/js/ddaccordion.js
Stack Trace:
#0 E:\xamp\htdocs\saraswatipublicschools\app\webroot\index.php(97): Dispatcher->dispatch(Object(CakeRequest), Object(CakeResponse))
#1 {main}
2020-09-28 19:29:17 Error: [MissingControllerException] Controller class JsController could not be found.
Exception Attributes: array (
  'class' => 'JsController',
  'plugin' => NULL,
)
Request URL: /saraswatipublicschools/js/ddaccordion.js
Stack Trace:
#0 E:\xamp\htdocs\saraswatipublicschools\app\webroot\index.php(97): Dispatcher->dispatch(Object(CakeRequest), Object(CakeResponse))
#1 {main}
2020-09-28 19:29:20 Error: [MissingControllerException] Controller class JsController could not be found.
Exception Attributes: array (
  'class' => 'JsController',
  'plugin' => NULL,
)
Request URL: /saraswatipublicschools/js/ddaccordion.js
Stack Trace:
#0 E:\xamp\htdocs\saraswatipublicschools\app\webroot\index.php(97): Dispatcher->dispatch(Object(CakeRequest), Object(CakeResponse))
#1 {main}
2020-09-28 19:33:33 Error: [MissingControllerException] Controller class JsController could not be found.
Exception Attributes: array (
  'class' => 'JsController',
  'plugin' => NULL,
)
Request URL: /saraswatipublicschools/js/ddaccordion.js
Stack Trace:
#0 E:\xamp\htdocs\saraswatipublicschools\app\webroot\index.php(97): Dispatcher->dispatch(Object(CakeRequest), Object(CakeResponse))
#1 {main}
2020-09-28 19:33:33 Error: [MissingControllerException] Controller class ImgController could not be found.
Exception Attributes: array (
  'class' => 'ImgController',
  'plugin' => NULL,
)
Request URL: /saraswatipublicschools/img/admin/footer_bg1.png
Stack Trace:
#0 E:\xamp\htdocs\saraswatipublicschools\app\webroot\index.php(97): Dispatcher->dispatch(Object(CakeRequest), Object(CakeResponse))
#1 {main}
2020-09-28 19:33:35 Error: [MissingControllerException] Controller class JsController could not be found.
Exception Attributes: array (
  'class' => 'JsController',
  'plugin' => NULL,
)
Request URL: /saraswatipublicschools/js/ddaccordion.js
Stack Trace:
#0 E:\xamp\htdocs\saraswatipublicschools\app\webroot\index.php(97): Dispatcher->dispatch(Object(CakeRequest), Object(CakeResponse))
#1 {main}
2020-09-28 19:34:56 Error: [MissingControllerException] Controller class JsController could not be found.
Exception Attributes: array (
  'class' => 'JsController',
  'plugin' => NULL,
)
Request URL: /saraswatipublicschools/js/ddaccordion.js
Stack Trace:
#0 E:\xamp\htdocs\saraswatipublicschools\app\webroot\index.php(97): Dispatcher->dispatch(Object(CakeRequest), Object(CakeResponse))
#1 {main}
2020-09-28 19:35:00 Error: [MissingControllerException] Controller class JsController could not be found.
Exception Attributes: array (
  'class' => 'JsController',
  'plugin' => NULL,
)
Request URL: /saraswatipublicschools/js/ddaccordion.js
Stack Trace:
#0 E:\xamp\htdocs\saraswatipublicschools\app\webroot\index.php(97): Dispatcher->dispatch(Object(CakeRequest), Object(CakeResponse))
#1 {main}
2020-09-28 19:36:36 Error: [MissingControllerException] Controller class JsController could not be found.
Exception Attributes: array (
  'class' => 'JsController',
  'plugin' => NULL,
)
Request URL: /saraswatipublicschools/js/ddaccordion.js
Stack Trace:
#0 E:\xamp\htdocs\saraswatipublicschools\app\webroot\index.php(97): Dispatcher->dispatch(Object(CakeRequest), Object(CakeResponse))
#1 {main}
2020-09-28 19:38:03 Error: [MissingControllerException] Controller class JsController could not be found.
Exception Attributes: array (
  'class' => 'JsController',
  'plugin' => NULL,
)
Request URL: /saraswatipublicschools/js/ddaccordion.js
Stack Trace:
#0 E:\xamp\htdocs\saraswatipublicschools\app\webroot\index.php(97): Dispatcher->dispatch(Object(CakeRequest), Object(CakeResponse))
#1 {main}
2020-09-28 19:38:22 Error: [MissingControllerException] Controller class JsController could not be found.
Exception Attributes: array (
  'class' => 'JsController',
  'plugin' => NULL,
)
Request URL: /saraswatipublicschools/js/ddaccordion.js
Stack Trace:
#0 E:\xamp\htdocs\saraswatipublicschools\app\webroot\index.php(97): Dispatcher->dispatch(Object(CakeRequest), Object(CakeResponse))
#1 {main}
2020-09-28 19:40:49 Error: [MissingControllerException] Controller class JsController could not be found.
Exception Attributes: array (
  'class' => 'JsController',
  'plugin' => NULL,
)
Request URL: /saraswatipublicschools/js/ddaccordion.js
Stack Trace:
#0 E:\xamp\htdocs\saraswatipublicschools\app\webroot\index.php(97): Dispatcher->dispatch(Object(CakeRequest), Object(CakeResponse))
#1 {main}
2020-09-28 19:41:09 Error: [MissingControllerException] Controller class JsController could not be found.
Exception Attributes: array (
  'class' => 'JsController',
  'plugin' => NULL,
)
Request URL: /saraswatipublicschools/js/ddaccordion.js
Stack Trace:
#0 E:\xamp\htdocs\saraswatipublicschools\app\webroot\index.php(97): Dispatcher->dispatch(Object(CakeRequest), Object(CakeResponse))
#1 {main}
2020-09-28 19:41:19 Error: [MissingControllerException] Controller class JsController could not be found.
Exception Attributes: array (
  'class' => 'JsController',
  'plugin' => NULL,
)
Request URL: /saraswatipublicschools/js/ddaccordion.js
Stack Trace:
#0 E:\xamp\htdocs\saraswatipublicschools\app\webroot\index.php(97): Dispatcher->dispatch(Object(CakeRequest), Object(CakeResponse))
#1 {main}
2020-09-28 19:42:28 Error: [MissingControllerException] Controller class JsController could not be found.
Exception Attributes: array (
  'class' => 'JsController',
  'plugin' => NULL,
)
Request URL: /saraswatipublicschools/js/ddaccordion.js
Stack Trace:
#0 E:\xamp\htdocs\saraswatipublicschools\app\webroot\index.php(97): Dispatcher->dispatch(Object(CakeRequest), Object(CakeResponse))
#1 {main}
2020-09-28 19:42:42 Error: [MissingControllerException] Controller class JsController could not be found.
Exception Attributes: array (
  'class' => 'JsController',
  'plugin' => NULL,
)
Request URL: /saraswatipublicschools/js/ddaccordion.js
Stack Trace:
#0 E:\xamp\htdocs\saraswatipublicschools\app\webroot\index.php(97): Dispatcher->dispatch(Object(CakeRequest), Object(CakeResponse))
#1 {main}
2020-09-28 19:42:44 Error: [MissingControllerException] Controller class JsController could not be found.
Exception Attributes: array (
  'class' => 'JsController',
  'plugin' => NULL,
)
Request URL: /saraswatipublicschools/js/ddaccordion.js
Stack Trace:
#0 E:\xamp\htdocs\saraswatipublicschools\app\webroot\index.php(97): Dispatcher->dispatch(Object(CakeRequest), Object(CakeResponse))
#1 {main}
2020-09-28 19:44:04 Error: [MissingControllerException] Controller class JsController could not be found.
Exception Attributes: array (
  'class' => 'JsController',
  'plugin' => NULL,
)
Request URL: /saraswatipublicschools/js/ddaccordion.js
Stack Trace:
#0 E:\xamp\htdocs\saraswatipublicschools\app\webroot\index.php(97): Dispatcher->dispatch(Object(CakeRequest), Object(CakeResponse))
#1 {main}
2020-09-28 19:53:40 Error: [MissingControllerException] Controller class JsController could not be found.
Exception Attributes: array (
  'class' => 'JsController',
  'plugin' => NULL,
)
Request URL: /saraswatipublicschools/js/ddaccordion.js
Stack Trace:
#0 E:\xamp\htdocs\saraswatipublicschools\app\webroot\index.php(97): Dispatcher->dispatch(Object(CakeRequest), Object(CakeResponse))
#1 {main}
2020-09-28 19:53:40 Error: [MissingControllerException] Controller class ImgController could not be found.
Exception Attributes: array (
  'class' => 'ImgController',
  'plugin' => NULL,
)
Request URL: /saraswatipublicschools/img/admin/footer_bg1.png
Stack Trace:
#0 E:\xamp\htdocs\saraswatipublicschools\app\webroot\index.php(97): Dispatcher->dispatch(Object(CakeRequest), Object(CakeResponse))
#1 {main}
